#
# A fatal error has been detected by the Java Runtime Environment:
#
#  SIGSEGV (0xb) at pc=0x00007f3dda85c1b3, pid=289511, tid=289525
#
# JRE version: OpenJDK Runtime Environment 18.9 (11.0.9+11) (build 11.0.9+11)
# Java VM: OpenJDK 64-Bit Server VM 18.9 (11.0.9+11, mixed mode, sharing, tiered, compressed oops, g1 gc, linux-amd64)
# Problematic frame:
# C  [libjimage.so+0x31b3]  ImageStrings::find(Endian*, char const*, int*, unsigned int)+0x63
#
# Core dump will be written. Default location: Core dumps may be processed with "/usr/lib/systemd/systemd-coredump %P %u %g %s %t %c %h" (or dumping to /home/joselucasrods/IdeaProjects/garage/core.289511)
#
# If you would like to submit a bug report, please visit:
#   https://bugzilla.redhat.com/enter_bug.cgi?product=Fedora&component=java-11-openjdk&version=33
#

---------------  S U M M A R Y ------------

Command Line: -agentlib:jdwp=transport=dt_socket,server=n,suspend=y,address=33597 -Xverify:none -XX:TieredStopAtLevel=1 -Dfile.encoding=UTF-8 -Duser.country=US -Duser.language=en -Duser.variant garage.GarageApplication

Host: Intel(R) Core(TM) i5-5200U CPU @ 2.20GHz, 4 cores, 7G, Fedora release 33 (Thirty Three)
Time: Wed Nov  4 07:53:06 2020 -03 elapsed time: 183.777727 seconds (0d 0h 3m 3s)

---------------  T H R E A D  ---------------

Current thread (0x00007f3dd411d800):  JavaThread "Signal Dispatcher" daemon [_thread_in_vm, id=289525, stack(0x00007f3db418f000,0x00007f3db4290000)]

Stack: [0x00007f3db418f000,0x00007f3db4290000],  sp=0x00007f3db428cfd0,  free space=1015k
Native frames: (J=compiled Java code, A=aot compiled Java code, j=interpreted, Vv=VM code, C=native code)
C  [libjimage.so+0x31b3]  ImageStrings::find(Endian*, char const*, int*, unsigned int)+0x63
C  [libjimage.so+0x3e3d]  ImageFileReader::find_location_index(char const*, unsigned long long*) const+0x4d
C  [libjimage.so+0x43c9]  JIMAGE_FindResource+0x109
V  [libjvm.so+0x5f4f8c]